{
"contracts/APL.sol":{"l":{"13":0,"14":0,"15":0,"16":0,"17":0},"path":"/Users/elizavetaolenberg/Desktop/metana/Metana/contracts/APL.sol","s":{"1":0,"2":0,"3":0,"4":0,"5":0},"b":{"1":[0,0],"2":[0,0]},"f":{"1":0,"2":0},"fnMap":{"1":{"name":"constructor","line":11,"loc":{"start":{"line":11,"column":4},"end":{"line":11,"column":44}}},"2":{"name":"safeMint","line":12,"loc":{"start":{"line":12,"column":4},"end":{"line":18,"column":4}}}},"statementMap":{"1":{"start":{"line":13,"column":8},"end":{"line":13,"column":51}},"2":{"start":{"line":14,"column":8},"end":{"line":14,"column":61}},"3":{"start":{"line":15,"column":8},"end":{"line":15,"column":34}},"4":{"start":{"line":16,"column":8},"end":{"line":16,"column":29}},"5":{"start":{"line":17,"column":8},"end":{"line":17,"column":34}}},"branchMap":{"1":{"line":12,"type":"if","locations":[{"start":{"line":12,"column":63},"end":{"line":12,"column":63}},{"start":{"line":12,"column":63},"end":{"line":12,"column":63}}]},"2":{"line":14,"type":"if","locations":[{"start":{"line":14,"column":8},"end":{"line":14,"column":8}},{"start":{"line":14,"column":8},"end":{"line":14,"column":8}}]}}},
"contracts/erc1155.sol":{"l":{"13":10,"17":12,"21":1},"path":"/Users/elizavetaolenberg/Desktop/metana/Metana/contracts/erc1155.sol","s":{"1":10,"2":12,"3":1},"b":{},"f":{"1":3,"2":10,"3":12,"4":1},"fnMap":{"1":{"name":"constructor","line":9,"loc":{"start":{"line":9,"column":4},"end":{"line":10,"column":4}}},"2":{"name":"mint","line":12,"loc":{"start":{"line":12,"column":4},"end":{"line":14,"column":4}}},"3":{"name":"burning","line":16,"loc":{"start":{"line":16,"column":4},"end":{"line":18,"column":4}}},"4":{"name":"burningBatch","line":20,"loc":{"start":{"line":20,"column":4},"end":{"line":22,"column":4}}}},"statementMap":{"1":{"start":{"line":13,"column":8},"end":{"line":13,"column":32}},"2":{"start":{"line":17,"column":8},"end":{"line":17,"column":33}},"3":{"start":{"line":21,"column":8},"end":{"line":21,"column":40}}},"branchMap":{}},
"contracts/erc20GodMode.sol":{"l":{"12":0,"17":0,"21":0,"22":0,"24":0,"26":0,"30":0},"path":"/Users/elizavetaolenberg/Desktop/metana/Metana/contracts/erc20GodMode.sol","s":{"1":0,"2":0,"3":0,"4":0,"5":0,"6":0,"7":0,"8":0,"9":0},"b":{"1":[0,0],"2":[0,0],"3":[0,0],"4":[0,0],"5":[0,0]},"f":{"1":0,"2":0,"3":0,"4":0},"fnMap":{"1":{"name":"constructor","line":11,"loc":{"start":{"line":11,"column":4},"end":{"line":13,"column":4}}},"2":{"name":"mintTokensToAddress","line":16,"loc":{"start":{"line":16,"column":4},"end":{"line":18,"column":4}}},"3":{"name":"changeBalanceAtAddress","line":20,"loc":{"start":{"line":20,"column":4},"end":{"line":27,"column":4}}},"4":{"name":"authoritativeTransferFrom","line":29,"loc":{"start":{"line":29,"column":4},"end":{"line":31,"column":4}}}},"statementMap":{"1":{"start":{"line":12,"column":8},"end":{"line":12,"column":48}},"2":{"start":{"line":17,"column":8},"end":{"line":17,"column":31}},"3":{"start":{"line":21,"column":8},"end":{"line":21,"column":697}},"4":{"start":{"line":22,"column":12},"end":{"line":22,"column":32}},"5":{"start":{"line":23,"column":15},"end":{"line":23,"column":780}},"6":{"start":{"line":24,"column":12},"end":{"line":24,"column":32}},"7":{"start":{"line":25,"column":15},"end":{"line":25,"column":39}},"8":{"start":{"line":26,"column":8},"end":{"line":26,"column":32}},"9":{"start":{"line":30,"column":8},"end":{"line":30,"column":34}}},"branchMap":{"1":{"line":16,"type":"if","locations":[{"start":{"line":16,"column":75},"end":{"line":16,"column":75}},{"start":{"line":16,"column":75},"end":{"line":16,"column":75}}]},"2":{"line":20,"type":"if","locations":[{"start":{"line":20,"column":80},"end":{"line":20,"column":80}},{"start":{"line":20,"column":80},"end":{"line":20,"column":80}}]},"3":{"line":21,"type":"if","locations":[{"start":{"line":21,"column":8},"end":{"line":21,"column":8}},{"start":{"line":21,"column":8},"end":{"line":21,"column":8}}]},"4":{"line":23,"type":"if","locations":[{"start":{"line":23,"column":15},"end":{"line":23,"column":15}},{"start":{"line":23,"column":15},"end":{"line":23,"column":15}}]},"5":{"line":29,"type":"if","locations":[{"start":{"line":29,"column":85},"end":{"line":29,"column":85}},{"start":{"line":29,"column":85},"end":{"line":29,"column":85}}]}}},
"contracts/erc20liz.sol":{"l":{"9":0,"13":0},"path":"/Users/elizavetaolenberg/Desktop/metana/Metana/contracts/erc20liz.sol","s":{"1":0,"2":0},"b":{},"f":{"1":0,"2":0},"fnMap":{"1":{"name":"constructor","line":8,"loc":{"start":{"line":8,"column":4},"end":{"line":10,"column":4}}},"2":{"name":"transferToken","line":12,"loc":{"start":{"line":12,"column":4},"end":{"line":14,"column":4}}}},"statementMap":{"1":{"start":{"line":9,"column":8},"end":{"line":9,"column":48}},"2":{"start":{"line":13,"column":8},"end":{"line":13,"column":59}}},"branchMap":{}},
"contracts/erc20PartialRefund.sol":{"l":{"14":5,"15":5,"16":4,"20":3,"24":1,"25":1,"32":4,"33":4,"34":3,"36":1,"37":1},"path":"/Users/elizavetaolenberg/Desktop/metana/Metana/contracts/erc20PartialRefund.sol","s":{"1":5,"2":5,"3":4,"4":1,"5":1,"6":4,"7":4,"8":3,"9":1,"10":1},"b":{"1":[5,0],"2":[4,1],"3":[1,0],"4":[1,0],"5":[3,1],"6":[1,2]},"f":{"1":3,"2":5,"3":1,"4":4},"fnMap":{"1":{"name":"constructor","line":9,"loc":{"start":{"line":9,"column":4},"end":{"line":9,"column":40}}},"2":{"name":"minting","line":13,"loc":{"start":{"line":13,"column":4},"end":{"line":17,"column":4}}},"3":{"name":"withdraw","line":23,"loc":{"start":{"line":23,"column":4},"end":{"line":26,"column":4}}},"4":{"name":"sellBack","line":31,"loc":{"start":{"line":31,"column":4},"end":{"line":38,"column":4}}}},"statementMap":{"1":{"start":{"line":14,"column":8},"end":{"line":14,"column":72}},"2":{"start":{"line":15,"column":8},"end":{"line":15,"column":56}},"3":{"start":{"line":16,"column":8},"end":{"line":16,"column":48}},"4":{"start":{"line":24,"column":8},"end":{"line":24,"column":66}},"5":{"start":{"line":25,"column":8},"end":{"line":25,"column":58}},"6":{"start":{"line":32,"column":8},"end":{"line":32,"column":49}},"7":{"start":{"line":33,"column":8},"end":{"line":33,"column":68}},"8":{"start":{"line":34,"column":8},"end":{"line":34,"column":113}},"9":{"start":{"line":36,"column":5},"end":{"line":36,"column":49}},"10":{"start":{"line":37,"column":5},"end":{"line":37,"column":75}}},"branchMap":{"1":{"line":14,"type":"if","locations":[{"start":{"line":14,"column":8},"end":{"line":14,"column":8}},{"start":{"line":14,"column":8},"end":{"line":14,"column":8}}]},"2":{"line":15,"type":"if","locations":[{"start":{"line":15,"column":8},"end":{"line":15,"column":8}},{"start":{"line":15,"column":8},"end":{"line":15,"column":8}}]},"3":{"line":23,"type":"if","locations":[{"start":{"line":23,"column":31},"end":{"line":23,"column":31}},{"start":{"line":23,"column":31},"end":{"line":23,"column":31}}]},"4":{"line":24,"type":"if","locations":[{"start":{"line":24,"column":8},"end":{"line":24,"column":8}},{"start":{"line":24,"column":8},"end":{"line":24,"column":8}}]},"5":{"line":33,"type":"if","locations":[{"start":{"line":33,"column":8},"end":{"line":33,"column":8}},{"start":{"line":33,"column":8},"end":{"line":33,"column":8}}]},"6":{"line":34,"type":"if","locations":[{"start":{"line":34,"column":8},"end":{"line":34,"column":8}},{"start":{"line":34,"column":8},"end":{"line":34,"column":8}}]}}},
"contracts/erc20Sanctions.sol":{"l":{"13":0,"16":0,"18":0,"19":0},"path":"/Users/elizavetaolenberg/Desktop/metana/Metana/contracts/erc20Sanctions.sol","s":{"1":0,"2":0,"3":0,"4":0},"b":{"1":[0,0],"2":[0,0]},"f":{"1":0,"2":0},"fnMap":{"1":{"name":"constructor","line":12,"loc":{"start":{"line":12,"column":4},"end":{"line":14,"column":4}}},"2":{"name":"_beforeTokenTransfer","line":15,"loc":{"start":{"line":15,"column":5},"end":{"line":20,"column":4}}}},"statementMap":{"1":{"start":{"line":13,"column":8},"end":{"line":13,"column":48}},"2":{"start":{"line":16,"column":8},"end":{"line":16,"column":52}},"3":{"start":{"line":18,"column":8},"end":{"line":18,"column":75}},"4":{"start":{"line":19,"column":8},"end":{"line":19,"column":77}}},"branchMap":{"1":{"line":18,"type":"if","locations":[{"start":{"line":18,"column":8},"end":{"line":18,"column":8}},{"start":{"line":18,"column":8},"end":{"line":18,"column":8}}]},"2":{"line":19,"type":"if","locations":[{"start":{"line":19,"column":8},"end":{"line":19,"column":8}},{"start":{"line":19,"column":8},"end":{"line":19,"column":8}}]}}},
"contracts/erc20TokenSale.sol":{"l":{"9":0,"15":0,"16":0,"17":0,"18":0,"24":0,"25":0},"path":"/Users/elizavetaolenberg/Desktop/metana/Metana/contracts/erc20TokenSale.sol","s":{"1":0,"2":0,"3":0,"4":0,"5":0,"6":0,"7":0},"b":{"1":[0,0],"2":[0,0],"3":[0,0],"4":[0,0]},"f":{"1":0,"2":0,"3":0},"fnMap":{"1":{"name":"constructor","line":8,"loc":{"start":{"line":8,"column":4},"end":{"line":11,"column":4}}},"2":{"name":"minting","line":14,"loc":{"start":{"line":14,"column":4},"end":{"line":19,"column":4}}},"3":{"name":"withdraw","line":23,"loc":{"start":{"line":23,"column":4},"end":{"line":26,"column":4}}}},"statementMap":{"1":{"start":{"line":9,"column":8},"end":{"line":9,"column":51}},"2":{"start":{"line":15,"column":8},"end":{"line":15,"column":72}},"3":{"start":{"line":16,"column":8},"end":{"line":16,"column":56}},"4":{"start":{"line":17,"column":8},"end":{"line":17,"column":47}},"5":{"start":{"line":18,"column":8},"end":{"line":18,"column":44}},"6":{"start":{"line":24,"column":8},"end":{"line":24,"column":66}},"7":{"start":{"line":25,"column":8},"end":{"line":25,"column":58}}},"branchMap":{"1":{"line":15,"type":"if","locations":[{"start":{"line":15,"column":8},"end":{"line":15,"column":8}},{"start":{"line":15,"column":8},"end":{"line":15,"column":8}}]},"2":{"line":16,"type":"if","locations":[{"start":{"line":16,"column":8},"end":{"line":16,"column":8}},{"start":{"line":16,"column":8},"end":{"line":16,"column":8}}]},"3":{"line":23,"type":"if","locations":[{"start":{"line":23,"column":31},"end":{"line":23,"column":31}},{"start":{"line":23,"column":31},"end":{"line":23,"column":31}}]},"4":{"line":24,"type":"if","locations":[{"start":{"line":24,"column":8},"end":{"line":24,"column":8}},{"start":{"line":24,"column":8},"end":{"line":24,"column":8}}]}}},
"contracts/erc721liz.sol":{"l":{"16":0,"17":0,"18":0},"path":"/Users/elizavetaolenberg/Desktop/metana/Metana/contracts/erc721liz.sol","s":{"1":0,"2":0,"3":0},"b":{"1":[0,0]},"f":{"1":0,"2":0},"fnMap":{"1":{"name":"constructor","line":13,"loc":{"start":{"line":13,"column":4},"end":{"line":13,"column":41}}},"2":{"name":"safeMint","line":15,"loc":{"start":{"line":15,"column":4},"end":{"line":19,"column":4}}}},"statementMap":{"1":{"start":{"line":16,"column":8},"end":{"line":16,"column":51}},"2":{"start":{"line":17,"column":8},"end":{"line":17,"column":34}},"3":{"start":{"line":18,"column":8},"end":{"line":18,"column":29}}},"branchMap":{"1":{"line":15,"type":"if","locations":[{"start":{"line":15,"column":41},"end":{"line":15,"column":41}},{"start":{"line":15,"column":41},"end":{"line":15,"column":41}}]}}},
"contracts/ethernaut3.sol":{"l":{"16":0,"20":0,"21":0,"22":0,"23":0},"path":"/Users/elizavetaolenberg/Desktop/metana/Metana/contracts/ethernaut3.sol","s":{"1":0,"2":0,"3":0},"b":{"1":[0,0]},"f":{"1":0,"2":0},"fnMap":{"1":{"name":"constructor","line":15,"loc":{"start":{"line":15,"column":2},"end":{"line":17,"column":2}}},"2":{"name":"hack","line":19,"loc":{"start":{"line":19,"column":2},"end":{"line":24,"column":2}}}},"statementMap":{"1":{"start":{"line":20,"column":4},"end":{"line":20,"column":61}},"2":{"start":{"line":21,"column":4},"end":{"line":21,"column":42}},"3":{"start":{"line":23,"column":4},"end":{"line":23,"column":22}}},"branchMap":{"1":{"line":22,"type":"if","locations":[{"start":{"line":22,"column":27},"end":{"line":22,"column":30}},{"start":{"line":22,"column":34},"end":{"line":22,"column":38}}]}}},
"contracts/forge.sol":{"l":{"17":3,"32":9,"33":5,"34":4,"37":1,"38":1,"39":1,"40":1,"41":1,"44":1,"45":1,"46":1,"47":1,"48":1,"49":1,"50":1,"51":1,"52":1,"53":1,"56":1,"57":1,"58":1,"59":1,"60":1,"63":1,"64":1,"65":1,"66":1,"67":1,"68":1,"69":1,"74":5,"75":3,"76":3,"77":3,"78":3,"80":2,"81":1,"82":1,"83":1,"85":1,"86":1,"87":1,"89":0,"90":0,"91":0,"92":0,"98":0,"107":0,"116":0},"path":"/Users/elizavetaolenberg/Desktop/metana/Metana/contracts/forge.sol","s":{"1":9,"2":5,"3":4,"4":4,"5":1,"6":1,"7":1,"8":1,"9":1,"10":3,"11":1,"12":1,"13":1,"14":1,"15":1,"16":1,"17":2,"18":1,"19":1,"20":1,"21":1,"22":1,"23":1,"24":1,"25":1,"26":1,"27":1,"28":1,"29":1,"30":1,"31":5,"32":3,"33":3,"34":3,"35":3,"36":2,"37":1,"38":1,"39":1,"40":1,"41":1,"42":1,"43":1,"44":0,"45":0,"46":0,"47":0,"48":0,"49":0,"50":0},"b":{"1":[5,4],"2":[2,1],"3":[1,2],"4":[4,1],"5":[1,3],"6":[1,0],"7":[1,0],"8":[1,2],"9":[1,0],"10":[1,0],"11":[1,1],"12":[1,0],"13":[1,0],"14":[1,0],"15":[1,0],"16":[1,0],"17":[1,0],"18":[3,2],"19":[1,2],"20":[2,0],"21":[3,0],"22":[3,0],"23":[3,0],"24":[1,1],"25":[1,0],"26":[1,0],"27":[1,0],"28":[0,0]},"f":{"1":3,"2":9,"3":5,"4":0,"5":0,"6":0},"fnMap":{"1":{"name":"constructor","line":16,"loc":{"start":{"line":16,"column":4},"end":{"line":18,"column":4}}},"2":{"name":"forging","line":31,"loc":{"start":{"line":31,"column":4},"end":{"line":71,"column":4}}},"3":{"name":"trade","line":73,"loc":{"start":{"line":73,"column":4},"end":{"line":95,"column":4}}},"4":{"name":"supportsInterface","line":97,"loc":{"start":{"line":97,"column":4},"end":{"line":99,"column":4}}},"5":{"name":"onERC1155Received","line":100,"loc":{"start":{"line":100,"column":4},"end":{"line":108,"column":4}}},"6":{"name":"onERC1155BatchReceived","line":109,"loc":{"start":{"line":109,"column":4},"end":{"line":117,"column":4}}}},"statementMap":{"1":{"start":{"line":32,"column":8},"end":{"line":32,"column":997}},"2":{"start":{"line":33,"column":12},"end":{"line":33,"column":88}},"3":{"start":{"line":34,"column":12},"end":{"line":34,"column":37}},"4":{"start":{"line":36,"column":15},"end":{"line":36,"column":1199}},"5":{"start":{"line":37,"column":12},"end":{"line":37,"column":80}},"6":{"start":{"line":38,"column":12},"end":{"line":38,"column":84}},"7":{"start":{"line":39,"column":12},"end":{"line":39,"column":37}},"8":{"start":{"line":40,"column":12},"end":{"line":40,"column":38}},"9":{"start":{"line":41,"column":12},"end":{"line":41,"column":40}},"10":{"start":{"line":43,"column":15},"end":{"line":43,"column":1527}},"11":{"start":{"line":44,"column":12},"end":{"line":44,"column":90}},"12":{"start":{"line":45,"column":12},"end":{"line":45,"column":84}},"13":{"start":{"line":46,"column":12},"end":{"line":46,"column":45}},"14":{"start":{"line":47,"column":12},"end":{"line":47,"column":47}},"15":{"start":{"line":52,"column":12},"end":{"line":52,"column":45}},"16":{"start":{"line":53,"column":12},"end":{"line":53,"column":41}},"17":{"start":{"line":55,"column":15},"end":{"line":55,"column":2038}},"18":{"start":{"line":56,"column":12},"end":{"line":56,"column":80}},"19":{"start":{"line":57,"column":12},"end":{"line":57,"column":90}},"20":{"start":{"line":58,"column":12},"end":{"line":58,"column":37}},"21":{"start":{"line":59,"column":12},"end":{"line":59,"column":44}},"22":{"start":{"line":60,"column":12},"end":{"line":60,"column":46}},"23":{"start":{"line":62,"column":15},"end":{"line":62,"column":2390}},"24":{"start":{"line":63,"column":12},"end":{"line":63,"column":80}},"25":{"start":{"line":64,"column":12},"end":{"line":64,"column":84}},"26":{"start":{"line":65,"column":12},"end":{"line":65,"column":90}},"27":{"start":{"line":66,"column":12},"end":{"line":66,"column":37}},"28":{"start":{"line":67,"column":12},"end":{"line":67,"column":38}},"29":{"start":{"line":68,"column":12},"end":{"line":68,"column":44}},"30":{"start":{"line":69,"column":12},"end":{"line":69,"column":41}},"31":{"start":{"line":74,"column":8},"end":{"line":74,"column":2941}},"32":{"start":{"line":75,"column":12},"end":{"line":75,"column":90}},"33":{"start":{"line":76,"column":12},"end":{"line":76,"column":100}},"34":{"start":{"line":77,"column":12},"end":{"line":77,"column":89}},"35":{"start":{"line":78,"column":12},"end":{"line":78,"column":45}},"36":{"start":{"line":80,"column":12},"end":{"line":80,"column":3365}},"37":{"start":{"line":81,"column":16},"end":{"line":81,"column":84}},"38":{"start":{"line":82,"column":16},"end":{"line":82,"column":46}},"39":{"start":{"line":83,"column":16},"end":{"line":83,"column":45}},"40":{"start":{"line":84,"column":19},"end":{"line":84,"column":3585}},"41":{"start":{"line":85,"column":16},"end":{"line":85,"column":88}},"42":{"start":{"line":86,"column":16},"end":{"line":86,"column":48}},"43":{"start":{"line":87,"column":16},"end":{"line":87,"column":51}},"44":{"start":{"line":89,"column":16},"end":{"line":89,"column":94}},"45":{"start":{"line":90,"column":16},"end":{"line":90,"column":54}},"46":{"start":{"line":91,"column":16},"end":{"line":91,"column":45}},"47":{"start":{"line":92,"column":16},"end":{"line":92,"column":43}},"48":{"start":{"line":98,"column":8},"end":{"line":98,"column":51}},"49":{"start":{"line":107,"column":8},"end":{"line":107,"column":46}},"50":{"start":{"line":116,"column":8},"end":{"line":116,"column":51}}},"branchMap":{"1":{"line":32,"type":"if","locations":[{"start":{"line":32,"column":8},"end":{"line":32,"column":8}},{"start":{"line":32,"column":8},"end":{"line":32,"column":8}}]},"2":{"line":32,"type":"cond-expr","locations":[{"start":{"line":32,"column":12},"end":{"line":32,"column":21}},{"start":{"line":32,"column":26},"end":{"line":32,"column":37}}]},"3":{"line":32,"type":"cond-expr","locations":[{"start":{"line":32,"column":12},"end":{"line":32,"column":37}},{"start":{"line":32,"column":42},"end":{"line":32,"column":59}}]},"4":{"line":33,"type":"if","locations":[{"start":{"line":33,"column":12},"end":{"line":33,"column":12}},{"start":{"line":33,"column":12},"end":{"line":33,"column":12}}]},"5":{"line":36,"type":"if","locations":[{"start":{"line":36,"column":15},"end":{"line":36,"column":15}},{"start":{"line":36,"column":15},"end":{"line":36,"column":15}}]},"6":{"line":37,"type":"if","locations":[{"start":{"line":37,"column":12},"end":{"line":37,"column":12}},{"start":{"line":37,"column":12},"end":{"line":37,"column":12}}]},"7":{"line":38,"type":"if","locations":[{"start":{"line":38,"column":12},"end":{"line":38,"column":12}},{"start":{"line":38,"column":12},"end":{"line":38,"column":12}}]},"8":{"line":43,"type":"if","locations":[{"start":{"line":43,"column":15},"end":{"line":43,"column":15}},{"start":{"line":43,"column":15},"end":{"line":43,"column":15}}]},"9":{"line":44,"type":"if","locations":[{"start":{"line":44,"column":12},"end":{"line":44,"column":12}},{"start":{"line":44,"column":12},"end":{"line":44,"column":12}}]},"10":{"line":45,"type":"if","locations":[{"start":{"line":45,"column":12},"end":{"line":45,"column":12}},{"start":{"line":45,"column":12},"end":{"line":45,"column":12}}]},"11":{"line":55,"type":"if","locations":[{"start":{"line":55,"column":15},"end":{"line":55,"column":15}},{"start":{"line":55,"column":15},"end":{"line":55,"column":15}}]},"12":{"line":56,"type":"if","locations":[{"start":{"line":56,"column":12},"end":{"line":56,"column":12}},{"start":{"line":56,"column":12},"end":{"line":56,"column":12}}]},"13":{"line":57,"type":"if","locations":[{"start":{"line":57,"column":12},"end":{"line":57,"column":12}},{"start":{"line":57,"column":12},"end":{"line":57,"column":12}}]},"14":{"line":62,"type":"if","locations":[{"start":{"line":62,"column":15},"end":{"line":62,"column":15}},{"start":{"line":62,"column":15},"end":{"line":62,"column":15}}]},"15":{"line":63,"type":"if","locations":[{"start":{"line":63,"column":12},"end":{"line":63,"column":12}},{"start":{"line":63,"column":12},"end":{"line":63,"column":12}}]},"16":{"line":64,"type":"if","locations":[{"start":{"line":64,"column":12},"end":{"line":64,"column":12}},{"start":{"line":64,"column":12},"end":{"line":64,"column":12}}]},"17":{"line":65,"type":"if","locations":[{"start":{"line":65,"column":12},"end":{"line":65,"column":12}},{"start":{"line":65,"column":12},"end":{"line":65,"column":12}}]},"18":{"line":74,"type":"if","locations":[{"start":{"line":74,"column":8},"end":{"line":74,"column":8}},{"start":{"line":74,"column":8},"end":{"line":74,"column":8}}]},"19":{"line":74,"type":"cond-expr","locations":[{"start":{"line":74,"column":11},"end":{"line":74,"column":22}},{"start":{"line":74,"column":27},"end":{"line":74,"column":43}}]},"20":{"line":74,"type":"cond-expr","locations":[{"start":{"line":74,"column":11},"end":{"line":74,"column":43}},{"start":{"line":74,"column":48},"end":{"line":74,"column":59}}]},"21":{"line":75,"type":"if","locations":[{"start":{"line":75,"column":12},"end":{"line":75,"column":12}},{"start":{"line":75,"column":12},"end":{"line":75,"column":12}}]},"22":{"line":76,"type":"if","locations":[{"start":{"line":76,"column":12},"end":{"line":76,"column":12}},{"start":{"line":76,"column":12},"end":{"line":76,"column":12}}]},"23":{"line":77,"type":"if","locations":[{"start":{"line":77,"column":12},"end":{"line":77,"column":12}},{"start":{"line":77,"column":12},"end":{"line":77,"column":12}}]},"24":{"line":80,"type":"if","locations":[{"start":{"line":80,"column":12},"end":{"line":80,"column":12}},{"start":{"line":80,"column":12},"end":{"line":80,"column":12}}]},"25":{"line":81,"type":"if","locations":[{"start":{"line":81,"column":16},"end":{"line":81,"column":16}},{"start":{"line":81,"column":16},"end":{"line":81,"column":16}}]},"26":{"line":84,"type":"if","locations":[{"start":{"line":84,"column":19},"end":{"line":84,"column":19}},{"start":{"line":84,"column":19},"end":{"line":84,"column":19}}]},"27":{"line":85,"type":"if","locations":[{"start":{"line":85,"column":16},"end":{"line":85,"column":16}},{"start":{"line":85,"column":16},"end":{"line":85,"column":16}}]},"28":{"line":89,"type":"if","locations":[{"start":{"line":89,"column":16},"end":{"line":89,"column":16}},{"start":{"line":89,"column":16},"end":{"line":89,"column":16}}]}}},
"contracts/Lock.sol":{"l":{"14":4,"19":3,"20":3,"27":5,"28":4,"30":3,"32":3},"path":"/Users/elizavetaolenberg/Desktop/metana/Metana/contracts/Lock.sol","s":{"1":4,"2":5,"3":4,"4":3,"5":3},"b":{"1":[3,1],"2":[4,1],"3":[3,1]},"f":{"1":4,"2":5},"fnMap":{"1":{"name":"constructor","line":13,"loc":{"start":{"line":13,"column":4},"end":{"line":21,"column":4}}},"2":{"name":"withdraw","line":23,"loc":{"start":{"line":23,"column":4},"end":{"line":33,"column":4}}}},"statementMap":{"1":{"start":{"line":14,"column":8},"end":{"line":14,"column":324}},"2":{"start":{"line":27,"column":8},"end":{"line":27,"column":71}},"3":{"start":{"line":28,"column":8},"end":{"line":28,"column":59}},"4":{"start":{"line":30,"column":8},"end":{"line":30,"column":63}},"5":{"start":{"line":32,"column":8},"end":{"line":32,"column":44}}},"branchMap":{"1":{"line":14,"type":"if","locations":[{"start":{"line":14,"column":8},"end":{"line":14,"column":8}},{"start":{"line":14,"column":8},"end":{"line":14,"column":8}}]},"2":{"line":27,"type":"if","locations":[{"start":{"line":27,"column":8},"end":{"line":27,"column":8}},{"start":{"line":27,"column":8},"end":{"line":27,"column":8}}]},"3":{"line":28,"type":"if","locations":[{"start":{"line":28,"column":8},"end":{"line":28,"column":8}},{"start":{"line":28,"column":8},"end":{"line":28,"column":8}}]}}},
"contracts/Migrations.sol":{"l":{"9":0,"13":0,"17":0},"path":"/Users/elizavetaolenberg/Desktop/metana/Metana/contracts/Migrations.sol","s":{"1":0},"b":{"1":[0,0],"2":[0,0]},"f":{"1":0,"2":0},"fnMap":{"1":{"name":"restricted","line":8,"loc":{"start":{"line":8,"column":2},"end":{"line":14,"column":2}}},"2":{"name":"setCompleted","line":16,"loc":{"start":{"line":16,"column":2},"end":{"line":18,"column":2}}}},"statementMap":{"1":{"start":{"line":9,"column":4},"end":{"line":9,"column":201}}},"branchMap":{"1":{"line":9,"type":"if","locations":[{"start":{"line":9,"column":4},"end":{"line":9,"column":4}},{"start":{"line":9,"column":4},"end":{"line":9,"column":4}}]},"2":{"line":16,"type":"if","locations":[{"start":{"line":16,"column":47},"end":{"line":16,"column":47}},{"start":{"line":16,"column":47},"end":{"line":16,"column":47}}]}}},
"contracts/nft_erc20.sol":{"l":{"15":0,"16":0,"20":0,"21":0,"22":0,"26":0,"37":0,"38":0,"39":0,"45":0},"path":"/Users/elizavetaolenberg/Desktop/metana/Metana/contracts/nft_erc20.sol","s":{"1":0,"2":0,"3":0,"4":0,"5":0,"6":0,"7":0,"8":0},"b":{"1":[0,0]},"f":{"1":0,"2":0,"3":0,"4":0,"5":0,"6":0},"fnMap":{"1":{"name":"constructor","line":14,"loc":{"start":{"line":14,"column":4},"end":{"line":17,"column":4}}},"2":{"name":"minting","line":19,"loc":{"start":{"line":19,"column":3},"end":{"line":23,"column":3}}},"3":{"name":"getContractBalance","line":25,"loc":{"start":{"line":25,"column":4},"end":{"line":27,"column":2}}},"4":{"name":"constructor","line":34,"loc":{"start":{"line":34,"column":4},"end":{"line":34,"column":41}}},"5":{"name":"safeMint","line":36,"loc":{"start":{"line":36,"column":4},"end":{"line":40,"column":4}}},"6":{"name":"constructor","line":44,"loc":{"start":{"line":44,"column":4},"end":{"line":46,"column":4}}}},"statementMap":{"1":{"start":{"line":20,"column":8},"end":{"line":20,"column":91}},"2":{"start":{"line":21,"column":8},"end":{"line":21,"column":66}},"3":{"start":{"line":22,"column":8},"end":{"line":22,"column":31}},"4":{"start":{"line":26,"column":8},"end":{"line":26,"column":45}},"5":{"start":{"line":37,"column":8},"end":{"line":37,"column":51}},"6":{"start":{"line":38,"column":8},"end":{"line":38,"column":34}},"7":{"start":{"line":39,"column":8},"end":{"line":39,"column":29}},"8":{"start":{"line":45,"column":8},"end":{"line":45,"column":48}}},"branchMap":{"1":{"line":20,"type":"if","locations":[{"start":{"line":20,"column":8},"end":{"line":20,"column":8}},{"start":{"line":20,"column":8},"end":{"line":20,"column":8}}]}}},
"contracts/staking.sol":{"l":{"25":0,"26":0,"27":0,"31":0,"32":0,"33":0,"34":0,"43":0,"44":0,"45":0,"46":0,"47":0,"54":0,"55":0,"56":0,"57":0,"59":0,"60":0,"61":0,"65":0,"66":0,"74":0,"78":0,"89":0,"90":0,"91":0},"path":"/Users/elizavetaolenberg/Desktop/metana/Metana/contracts/staking.sol","s":{"1":0,"2":0,"3":0,"4":0,"5":0,"6":0,"7":0,"8":0,"9":0,"10":0,"11":0,"12":0,"13":0,"14":0,"15":0,"16":0,"17":0,"18":0,"19":0,"20":0},"b":{"1":[0,0],"2":[0,0],"3":[0,0],"4":[0,0],"5":[0,0],"6":[0,0],"7":[0,0]},"f":{"1":0,"2":0,"3":0,"4":0,"5":0,"6":0,"7":0,"8":0,"9":0},"fnMap":{"1":{"name":"constructor","line":24,"loc":{"start":{"line":24,"column":2},"end":{"line":28,"column":4}}},"2":{"name":"stake","line":30,"loc":{"start":{"line":30,"column":2},"end":{"line":40,"column":4}}},"3":{"name":"unstake","line":42,"loc":{"start":{"line":42,"column":2},"end":{"line":48,"column":2}}},"4":{"name":"withdraw","line":53,"loc":{"start":{"line":53,"column":2},"end":{"line":62,"column":4}}},"5":{"name":"onERC721Received","line":64,"loc":{"start":{"line":64,"column":2},"end":{"line":67,"column":4}}},"6":{"name":"constructor","line":73,"loc":{"start":{"line":73,"column":2},"end":{"line":75,"column":2}}},"7":{"name":"mint","line":77,"loc":{"start":{"line":77,"column":2},"end":{"line":79,"column":2}}},"8":{"name":"constructor","line":86,"loc":{"start":{"line":86,"column":4},"end":{"line":86,"column":41}}},"9":{"name":"safeMint","line":88,"loc":{"start":{"line":88,"column":4},"end":{"line":92,"column":4}}}},"statementMap":{"1":{"start":{"line":31,"column":8},"end":{"line":31,"column":68}},"2":{"start":{"line":32,"column":8},"end":{"line":32,"column":68}},"3":{"start":{"line":33,"column":8},"end":{"line":33,"column":59}},"4":{"start":{"line":43,"column":8},"end":{"line":43,"column":44}},"5":{"start":{"line":44,"column":8},"end":{"line":44,"column":58}},"6":{"start":{"line":46,"column":8},"end":{"line":46,"column":56}},"7":{"start":{"line":47,"column":8},"end":{"line":47,"column":101}},"8":{"start":{"line":54,"column":8},"end":{"line":54,"column":44}},"9":{"start":{"line":55,"column":8},"end":{"line":55,"column":58}},"10":{"start":{"line":56,"column":8},"end":{"line":56,"column":40}},"11":{"start":{"line":57,"column":8},"end":{"line":57,"column":50}},"12":{"start":{"line":59,"column":8},"end":{"line":59,"column":61}},"13":{"start":{"line":60,"column":8},"end":{"line":60,"column":52}},"14":{"start":{"line":65,"column":6},"end":{"line":65,"column":72}},"15":{"start":{"line":66,"column":6},"end":{"line":66,"column":54}},"16":{"start":{"line":74,"column":6},"end":{"line":74,"column":44}},"17":{"start":{"line":78,"column":4},"end":{"line":78,"column":20}},"18":{"start":{"line":89,"column":8},"end":{"line":89,"column":51}},"19":{"start":{"line":90,"column":8},"end":{"line":90,"column":34}},"20":{"start":{"line":91,"column":8},"end":{"line":91,"column":29}}},"branchMap":{"1":{"line":31,"type":"if","locations":[{"start":{"line":31,"column":8},"end":{"line":31,"column":8}},{"start":{"line":31,"column":8},"end":{"line":31,"column":8}}]},"2":{"line":32,"type":"if","locations":[{"start":{"line":32,"column":8},"end":{"line":32,"column":8}},{"start":{"line":32,"column":8},"end":{"line":32,"column":8}}]},"3":{"line":44,"type":"if","locations":[{"start":{"line":44,"column":8},"end":{"line":44,"column":8}},{"start":{"line":44,"column":8},"end":{"line":44,"column":8}}]},"4":{"line":55,"type":"if","locations":[{"start":{"line":55,"column":8},"end":{"line":55,"column":8}},{"start":{"line":55,"column":8},"end":{"line":55,"column":8}}]},"5":{"line":59,"type":"if","locations":[{"start":{"line":59,"column":8},"end":{"line":59,"column":8}},{"start":{"line":59,"column":8},"end":{"line":59,"column":8}}]},"6":{"line":65,"type":"if","locations":[{"start":{"line":65,"column":6},"end":{"line":65,"column":6}},{"start":{"line":65,"column":6},"end":{"line":65,"column":6}}]},"7":{"line":88,"type":"if","locations":[{"start":{"line":88,"column":41},"end":{"line":88,"column":41}},{"start":{"line":88,"column":41},"end":{"line":88,"column":41}}]}}},
"contracts/stakingErc20.sol":{"l":{"13":0,"18":0},"path":"/Users/elizavetaolenberg/Desktop/metana/Metana/contracts/stakingErc20.sol","s":{"1":0,"2":0},"b":{},"f":{"1":0,"2":0},"fnMap":{"1":{"name":"constructor","line":12,"loc":{"start":{"line":12,"column":2},"end":{"line":14,"column":2}}},"2":{"name":"mint","line":16,"loc":{"start":{"line":16,"column":2},"end":{"line":19,"column":2}}}},"statementMap":{"1":{"start":{"line":13,"column":6},"end":{"line":13,"column":43}},"2":{"start":{"line":18,"column":4},"end":{"line":18,"column":20}}},"branchMap":{}},
"contracts/stakingErc721.sol":{"l":{"16":0,"17":0,"18":0},"path":"/Users/elizavetaolenberg/Desktop/metana/Metana/contracts/stakingErc721.sol","s":{"1":0,"2":0,"3":0},"b":{"1":[0,0]},"f":{"1":0,"2":0},"fnMap":{"1":{"name":"constructor","line":13,"loc":{"start":{"line":13,"column":4},"end":{"line":13,"column":41}}},"2":{"name":"safeMint","line":15,"loc":{"start":{"line":15,"column":4},"end":{"line":19,"column":4}}}},"statementMap":{"1":{"start":{"line":16,"column":8},"end":{"line":16,"column":51}},"2":{"start":{"line":17,"column":8},"end":{"line":17,"column":34}},"3":{"start":{"line":18,"column":8},"end":{"line":18,"column":29}}},"branchMap":{"1":{"line":15,"type":"if","locations":[{"start":{"line":15,"column":41},"end":{"line":15,"column":41}},{"start":{"line":15,"column":41},"end":{"line":15,"column":41}}]}}}}
