TN:
SF:/Users/elizavetaolenberg/Desktop/metana/Metana/contracts/APL.sol
FN:11,constructor
FN:12,safeMint
FNF:2
FNH:0
FNDA:0,constructor
FNDA:0,safeMint
DA:13,0
DA:14,0
DA:15,0
DA:16,0
DA:17,0
LF:5
LH:0
BRDA:12,1,0,0
BRDA:12,1,1,0
BRDA:14,2,0,0
BRDA:14,2,1,0
BRF:4
BRH:0
end_of_record
TN:
SF:/Users/elizavetaolenberg/Desktop/metana/Metana/contracts/erc1155.sol
FN:9,constructor
FN:12,mint
FN:16,burning
FN:20,burningBatch
FNF:4
FNH:4
FNDA:3,constructor
FNDA:10,mint
FNDA:12,burning
FNDA:1,burningBatch
DA:13,10
DA:17,12
DA:21,1
LF:3
LH:3
BRF:0
BRH:0
end_of_record
TN:
SF:/Users/elizavetaolenberg/Desktop/metana/Metana/contracts/erc20GodMode.sol
FN:11,constructor
FN:16,mintTokensToAddress
FN:20,changeBalanceAtAddress
FN:29,authoritativeTransferFrom
FNF:4
FNH:0
FNDA:0,constructor
FNDA:0,mintTokensToAddress
FNDA:0,changeBalanceAtAddress
FNDA:0,authoritativeTransferFrom
DA:12,0
DA:17,0
DA:21,0
DA:22,0
DA:24,0
DA:26,0
DA:30,0
LF:7
LH:0
BRDA:16,1,0,0
BRDA:16,1,1,0
BRDA:20,2,0,0
BRDA:20,2,1,0
BRDA:21,3,0,0
BRDA:21,3,1,0
BRDA:23,4,0,0
BRDA:23,4,1,0
BRDA:29,5,0,0
BRDA:29,5,1,0
BRF:10
BRH:0
end_of_record
TN:
SF:/Users/elizavetaolenberg/Desktop/metana/Metana/contracts/erc20liz.sol
FN:8,constructor
FN:12,transferToken
FNF:2
FNH:0
FNDA:0,constructor
FNDA:0,transferToken
DA:9,0
DA:13,0
LF:2
LH:0
BRF:0
BRH:0
end_of_record
TN:
SF:/Users/elizavetaolenberg/Desktop/metana/Metana/contracts/erc20PartialRefund.sol
FN:9,constructor
FN:13,minting
FN:23,withdraw
FN:31,sellBack
FNF:4
FNH:3
FNDA:6,constructor
FNDA:3,minting
FNDA:1,withdraw
FNDA:0,sellBack
DA:14,3
DA:15,3
DA:16,2
DA:20,0
DA:24,1
DA:25,1
DA:32,0
DA:33,0
DA:34,0
DA:36,0
DA:37,0
LF:11
LH:5
BRDA:14,1,0,3
BRDA:14,1,1,0
BRDA:15,2,0,2
BRDA:15,2,1,1
BRDA:23,3,0,1
BRDA:23,3,1,0
BRDA:24,4,0,1
BRDA:24,4,1,0
BRDA:33,5,0,0
BRDA:33,5,1,0
BRDA:34,6,0,0
BRDA:34,6,1,0
BRF:12
BRH:5
end_of_record
TN:
SF:/Users/elizavetaolenberg/Desktop/metana/Metana/contracts/erc20Sanctions.sol
FN:12,constructor
FN:15,_beforeTokenTransfer
FNF:2
FNH:0
FNDA:0,constructor
FNDA:0,_beforeTokenTransfer
DA:13,0
DA:16,0
DA:18,0
DA:19,0
LF:4
LH:0
BRDA:18,1,0,0
BRDA:18,1,1,0
BRDA:19,2,0,0
BRDA:19,2,1,0
BRF:4
BRH:0
end_of_record
TN:
SF:/Users/elizavetaolenberg/Desktop/metana/Metana/contracts/erc20TokenSale.sol
FN:8,constructor
FN:14,minting
FN:23,withdraw
FNF:3
FNH:0
FNDA:0,constructor
FNDA:0,minting
FNDA:0,withdraw
DA:9,0
DA:15,0
DA:16,0
DA:17,0
DA:18,0
DA:24,0
DA:25,0
LF:7
LH:0
BRDA:15,1,0,0
BRDA:15,1,1,0
BRDA:16,2,0,0
BRDA:16,2,1,0
BRDA:23,3,0,0
BRDA:23,3,1,0
BRDA:24,4,0,0
BRDA:24,4,1,0
BRF:8
BRH:0
end_of_record
TN:
SF:/Users/elizavetaolenberg/Desktop/metana/Metana/contracts/erc721liz.sol
FN:13,constructor
FN:15,safeMint
FNF:2
FNH:0
FNDA:0,constructor
FNDA:0,safeMint
DA:16,0
DA:17,0
DA:18,0
LF:3
LH:0
BRDA:15,1,0,0
BRDA:15,1,1,0
BRF:2
BRH:0
end_of_record
TN:
SF:/Users/elizavetaolenberg/Desktop/metana/Metana/contracts/ethernaut3.sol
FN:15,constructor
FN:19,hack
FNF:2
FNH:0
FNDA:0,constructor
FNDA:0,hack
DA:16,0
DA:20,0
DA:21,0
DA:22,0
DA:23,0
LF:5
LH:0
BRDA:22,1,0,0
BRDA:22,1,1,0
BRF:2
BRH:0
end_of_record
TN:
SF:/Users/elizavetaolenberg/Desktop/metana/Metana/contracts/forge.sol
FN:16,constructor
FN:31,forging
FN:73,trade
FN:97,supportsInterface
FN:100,onERC1155Received
FN:109,onERC1155BatchReceived
FNF:6
FNH:3
FNDA:3,constructor
FNDA:9,forging
FNDA:5,trade
FNDA:0,supportsInterface
FNDA:0,onERC1155Received
FNDA:0,onERC1155BatchReceived
DA:17,3
DA:32,9
DA:33,5
DA:34,4
DA:37,1
DA:38,1
DA:39,1
DA:40,1
DA:41,1
DA:44,1
DA:45,1
DA:46,1
DA:47,1
DA:48,1
DA:49,1
DA:50,1
DA:51,1
DA:52,1
DA:53,1
DA:56,1
DA:57,1
DA:58,1
DA:59,1
DA:60,1
DA:63,1
DA:64,1
DA:65,1
DA:66,1
DA:67,1
DA:68,1
DA:69,1
DA:74,5
DA:75,3
DA:76,3
DA:77,3
DA:78,3
DA:80,2
DA:81,1
DA:82,1
DA:83,1
DA:85,1
DA:86,1
DA:87,1
DA:89,0
DA:90,0
DA:91,0
DA:92,0
DA:98,0
DA:107,0
DA:116,0
LF:50
LH:43
BRDA:32,1,0,5
BRDA:32,1,1,4
BRDA:32,2,0,2
BRDA:32,2,1,1
BRDA:32,3,0,1
BRDA:32,3,1,2
BRDA:33,4,0,4
BRDA:33,4,1,1
BRDA:36,5,0,1
BRDA:36,5,1,3
BRDA:37,6,0,1
BRDA:37,6,1,0
BRDA:38,7,0,1
BRDA:38,7,1,0
BRDA:43,8,0,1
BRDA:43,8,1,2
BRDA:44,9,0,1
BRDA:44,9,1,0
BRDA:45,10,0,1
BRDA:45,10,1,0
BRDA:55,11,0,1
BRDA:55,11,1,1
BRDA:56,12,0,1
BRDA:56,12,1,0
BRDA:57,13,0,1
BRDA:57,13,1,0
BRDA:62,14,0,1
BRDA:62,14,1,0
BRDA:63,15,0,1
BRDA:63,15,1,0
BRDA:64,16,0,1
BRDA:64,16,1,0
BRDA:65,17,0,1
BRDA:65,17,1,0
BRDA:74,18,0,3
BRDA:74,18,1,2
BRDA:74,19,0,1
BRDA:74,19,1,2
BRDA:74,20,0,2
BRDA:74,20,1,0
BRDA:75,21,0,3
BRDA:75,21,1,0
BRDA:76,22,0,3
BRDA:76,22,1,0
BRDA:77,23,0,3
BRDA:77,23,1,0
BRDA:80,24,0,1
BRDA:80,24,1,1
BRDA:81,25,0,1
BRDA:81,25,1,0
BRDA:84,26,0,1
BRDA:84,26,1,0
BRDA:85,27,0,1
BRDA:85,27,1,0
BRDA:89,28,0,0
BRDA:89,28,1,0
BRF:56
BRH:37
end_of_record
TN:
SF:/Users/elizavetaolenberg/Desktop/metana/Metana/contracts/Lock.sol
FN:13,constructor
FN:23,withdraw
FNF:2
FNH:2
FNDA:4,constructor
FNDA:5,withdraw
DA:14,4
DA:19,3
DA:20,3
DA:27,5
DA:28,4
DA:30,3
DA:32,3
LF:7
LH:7
BRDA:14,1,0,3
BRDA:14,1,1,1
BRDA:27,2,0,4
BRDA:27,2,1,1
BRDA:28,3,0,3
BRDA:28,3,1,1
BRF:6
BRH:6
end_of_record
TN:
SF:/Users/elizavetaolenberg/Desktop/metana/Metana/contracts/Migrations.sol
FN:8,restricted
FN:16,setCompleted
FNF:2
FNH:0
FNDA:0,restricted
FNDA:0,setCompleted
DA:9,0
DA:13,0
DA:17,0
LF:3
LH:0
BRDA:9,1,0,0
BRDA:9,1,1,0
BRDA:16,2,0,0
BRDA:16,2,1,0
BRF:4
BRH:0
end_of_record
TN:
SF:/Users/elizavetaolenberg/Desktop/metana/Metana/contracts/mock_pr.sol
FN:6,constructor
FNF:1
FNH:1
FNDA:3,constructor
DA:7,3
LF:1
LH:1
BRF:0
BRH:0
end_of_record
TN:
SF:/Users/elizavetaolenberg/Desktop/metana/Metana/contracts/nft_erc20.sol
FN:14,constructor
FN:19,minting
FN:25,getContractBalance
FN:34,constructor
FN:36,safeMint
FN:44,constructor
FNF:6
FNH:0
FNDA:0,constructor
FNDA:0,minting
FNDA:0,getContractBalance
FNDA:0,constructor
FNDA:0,safeMint
FNDA:0,constructor
DA:15,0
DA:16,0
DA:20,0
DA:21,0
DA:22,0
DA:26,0
DA:37,0
DA:38,0
DA:39,0
DA:45,0
LF:10
LH:0
BRDA:20,1,0,0
BRDA:20,1,1,0
BRF:2
BRH:0
end_of_record
TN:
SF:/Users/elizavetaolenberg/Desktop/metana/Metana/contracts/staking.sol
FN:24,constructor
FN:30,stake
FN:42,unstake
FN:53,withdraw
FN:64,onERC721Received
FN:73,constructor
FN:77,mint
FN:86,constructor
FN:88,safeMint
FNF:9
FNH:0
FNDA:0,constructor
FNDA:0,stake
FNDA:0,unstake
FNDA:0,withdraw
FNDA:0,onERC721Received
FNDA:0,constructor
FNDA:0,mint
FNDA:0,constructor
FNDA:0,safeMint
DA:25,0
DA:26,0
DA:27,0
DA:31,0
DA:32,0
DA:33,0
DA:34,0
DA:43,0
DA:44,0
DA:45,0
DA:46,0
DA:47,0
DA:54,0
DA:55,0
DA:56,0
DA:57,0
DA:59,0
DA:60,0
DA:61,0
DA:65,0
DA:66,0
DA:74,0
DA:78,0
DA:89,0
DA:90,0
DA:91,0
LF:26
LH:0
BRDA:31,1,0,0
BRDA:31,1,1,0
BRDA:32,2,0,0
BRDA:32,2,1,0
BRDA:44,3,0,0
BRDA:44,3,1,0
BRDA:55,4,0,0
BRDA:55,4,1,0
BRDA:59,5,0,0
BRDA:59,5,1,0
BRDA:65,6,0,0
BRDA:65,6,1,0
BRDA:88,7,0,0
BRDA:88,7,1,0
BRF:14
BRH:0
end_of_record
TN:
SF:/Users/elizavetaolenberg/Desktop/metana/Metana/contracts/stakingErc20.sol
FN:12,constructor
FN:16,mint
FNF:2
FNH:0
FNDA:0,constructor
FNDA:0,mint
DA:13,0
DA:18,0
LF:2
LH:0
BRF:0
BRH:0
end_of_record
TN:
SF:/Users/elizavetaolenberg/Desktop/metana/Metana/contracts/stakingErc721.sol
FN:13,constructor
FN:15,safeMint
FNF:2
FNH:0
FNDA:0,constructor
FNDA:0,safeMint
DA:16,0
DA:17,0
DA:18,0
LF:3
LH:0
BRDA:15,1,0,0
BRDA:15,1,1,0
BRF:2
BRH:0
end_of_record
